


Processing ApplicationController#index (for 127.0.0.1 at 2010-05-02 13:48:50) [GET]

ActionController::RoutingError (No route matches "/articles/1" with {:method=>:get}):
  

Rendering rescues/layout (not_found)


Processing ApplicationController#index (for 127.0.0.1 at 2010-05-02 13:48:55) [GET]

ActionController::RoutingError (No route matches "/articles/1" with {:method=>:get}):
  

Rendering rescues/layout (not_found)
  [4;36;1mSQL (0.2ms)[0m   [0;1m SELECT name
 FROM sqlite_master
 WHERE type = 'table' AND NOT name = 'sqlite_sequence'
[0m
  [4;35;1mSQL (0.1ms)[0m   [0mselect sqlite_version(*)[0m
  [4;36;1mSQL (2.5ms)[0m   [0;1mCREATE TABLE "schema_migrations" ("version" varchar(255) NOT NULL) [0m
  [4;35;1mSQL (2.6ms)[0m   [0mCREATE UNIQUE INDEX "unique_schema_migrations" ON "schema_migrations" ("version")[0m
  [4;36;1mSQL (0.3ms)[0m   [0;1m SELECT name
 FROM sqlite_master
 WHERE type = 'table' AND NOT name = 'sqlite_sequence'
[0m
  [4;35;1mSQL (0.2ms)[0m   [0mSELECT version FROM schema_migrations[0m
Migrating to CreateArticles (20100502182812)
  [4;36;1mSQL (0.5ms)[0m   [0;1mCREATE TABLE "articles" ("id" INTEGER PRIMARY KEY AUTOINCREMENT NOT NULL, "url" varchar(255) NOT NULL, "name" varchar(255) NOT NULL, "description" text, "author" varchar(255), "source" varchar(255), "published_at" date, "submission_id" integer, "created_at" datetime, "updated_at" datetime) [0m
  [4;36;1mSQL (0.3ms)[0m   [0;1m SELECT name
 FROM sqlite_master
 WHERE type = 'table' AND NOT name = 'sqlite_sequence'
[0m
  [4;35;1mSQL (0.1ms)[0m   [0mSELECT version FROM schema_migrations[0m
Migrating to CreateArticles (20100502182812)
  [4;36;1mSQL (0.1ms)[0m   [0;1mselect sqlite_version(*)[0m
  [4;35;1mSQL (0.6ms)[0m   [0mCREATE TABLE "articles" ("id" INTEGER PRIMARY KEY AUTOINCREMENT NOT NULL, "url" varchar(255) NOT NULL, "name" varchar(255) NOT NULL, "description" text, "author" varchar(255), "source" varchar(255), "published_at" date, "submission_id" integer, "created_at" datetime, "updated_at" datetime) [0m
  [4;36;1mSQL (0.1ms)[0m   [0;1mCREATE INDEX "index_articles_on_submission_id" ON "articles" ("submission_id")[0m
  [4;35;1mSQL (0.1ms)[0m   [0mINSERT INTO schema_migrations (version) VALUES ('20100502182812')[0m
Migrating to CreateSubmissions (20100502183209)
  [4;36;1mSQL (0.4ms)[0m   [0;1mCREATE TABLE "submissions" ("id" INTEGER PRIMARY KEY AUTOINCREMENT NOT NULL, "url" varchar(255) NOT NULL, "note" text, "credit" varchar(255), "created_at" datetime, "updated_at" datetime) [0m
  [4;35;1mSQL (0.1ms)[0m   [0mINSERT INTO schema_migrations (version) VALUES ('20100502183209')[0m
  [4;36;1mSQL (0.3ms)[0m   [0;1m SELECT name
 FROM sqlite_master
 WHERE type = 'table' AND NOT name = 'sqlite_sequence'
[0m
  [4;35;1mSQL (0.1ms)[0m   [0mSELECT version FROM schema_migrations[0m
  [4;36;1mSQL (0.2ms)[0m   [0;1m SELECT name
 FROM sqlite_master
 WHERE type = 'table' AND NOT name = 'sqlite_sequence'
[0m
  [4;35;1mSQL (0.1ms)[0m   [0mPRAGMA index_list("articles")[0m
  [4;36;1mSQL (0.1ms)[0m   [0;1mPRAGMA index_info('index_articles_on_submission_id')[0m
  [4;35;1mSQL (0.0ms)[0m   [0mPRAGMA index_list("submissions")[0m


Processing ApplicationController#index (for 127.0.0.1 at 2010-05-02 14:01:15) [GET]

ActionController::RoutingError (No route matches "/articles/1" with {:method=>:get}):
  

Rendering rescues/layout (not_found)


Processing ApplicationController#index (for 127.0.0.1 at 2010-05-02 14:01:19) [GET]

ActionController::RoutingError (No route matches "/articles/" with {:method=>:get}):
  

Rendering rescues/layout (not_found)


Processing ApplicationController#index (for 127.0.0.1 at 2010-05-02 14:02:26) [GET]

NameError (uninitialized constant ArticlesController):
  

Rendered rescues/_trace (37.6ms)
Rendered rescues/_request_and_response (1.1ms)
Rendering rescues/layout (internal_server_error)


Processing ArticlesController#index (for 127.0.0.1 at 2010-05-02 14:05:34) [GET]
  [4;36;1mArticle Load (0.4ms)[0m   [0;1mSELECT * FROM "articles" [0m
Rendering articles/index

ActionView::TemplateError (undefined local variable or method `articles' for #<ActionView::Base:0x101f6d4f0>) on line #4 of app/views/articles/index.html.erb:
1: <h1>Articles</h1>
2: 
3: <table>
4: <% articles.each do |article| %>
5:   <tr>
6:     <td><%= article.name %></td>
7:     <td><%= article.url %></td>

    app/views/articles/index.html.erb:4
    app/controllers/articles_controller.rb:6:in `index'

Rendered rescues/_trace (108.0ms)
Rendered rescues/_request_and_response (1.1ms)
Rendering rescues/layout (internal_server_error)


Processing ArticlesController#index (for 127.0.0.1 at 2010-05-02 14:06:21) [GET]
  [4;36;1mArticle Load (0.4ms)[0m   [0;1mSELECT * FROM "articles" [0m
Rendering articles/index
Completed in 11ms (View: 6, DB: 0) | 200 OK [http://localhost/articles/]
  [4;36;1mSQL (0.4ms)[0m   [0;1m SELECT name
 FROM sqlite_master
 WHERE type = 'table' AND NOT name = 'sqlite_sequence'
[0m
  [4;35;1mSQL (0.1ms)[0m   [0mSELECT version FROM schema_migrations[0m
  [4;36;1mSQL (0.1ms)[0m   [0;1mselect sqlite_version(*)[0m
  [4;35;1mSQL (0.2ms)[0m   [0m SELECT name
 FROM sqlite_master
 WHERE type = 'table' AND NOT name = 'sqlite_sequence'
[0m
  [4;36;1mSQL (3.4ms)[0m   [0;1mCREATE TABLE "articles" ("id" INTEGER PRIMARY KEY AUTOINCREMENT NOT NULL, "url" varchar(255) NOT NULL, "name" varchar(255) NOT NULL, "description" text, "author" varchar(255), "source" varchar(255), "published_at" date, "submission_id" integer, "created_at" datetime, "updated_at" datetime) [0m
  [4;35;1mSQL (2.3ms)[0m   [0mCREATE INDEX "index_articles_on_submission_id" ON "articles" ("submission_id")[0m
  [4;36;1mSQL (0.4ms)[0m   [0;1m SELECT name
 FROM sqlite_master
 WHERE type = 'table' AND NOT name = 'sqlite_sequence'
[0m
  [4;35;1mSQL (2.1ms)[0m   [0mCREATE TABLE "submissions" ("id" INTEGER PRIMARY KEY AUTOINCREMENT NOT NULL, "url" varchar(255) NOT NULL, "note" text, "credit" varchar(255), "created_at" datetime, "updated_at" datetime) [0m
  [4;36;1mSQL (0.2ms)[0m   [0;1m SELECT name
 FROM sqlite_master
 WHERE type = 'table' AND NOT name = 'sqlite_sequence'
[0m
  [4;35;1mSQL (2.7ms)[0m   [0mCREATE TABLE "schema_migrations" ("version" varchar(255) NOT NULL) [0m
  [4;36;1mSQL (2.4ms)[0m   [0;1mCREATE UNIQUE INDEX "unique_schema_migrations" ON "schema_migrations" ("version")[0m
  [4;35;1mSQL (0.3ms)[0m   [0m SELECT name
 FROM sqlite_master
 WHERE type = 'table' AND NOT name = 'sqlite_sequence'
[0m
  [4;36;1mSQL (0.1ms)[0m   [0;1mSELECT version FROM "schema_migrations"[0m
  [4;35;1mSQL (1.7ms)[0m   [0mINSERT INTO "schema_migrations" (version) VALUES ('20100502183209')[0m
  [4;36;1mSQL (2.1ms)[0m   [0;1mINSERT INTO "schema_migrations" (version) VALUES ('20100502182812')[0m


Processing ArticlesController#index (for 127.0.0.1 at 2010-05-02 14:07:42) [GET]
  [4;36;1mArticle Load (0.4ms)[0m   [0;1mSELECT * FROM "articles" [0m
Rendering articles/index
Completed in 10ms (View: 6, DB: 0) | 200 OK [http://localhost/articles/]


Processing ArticlesController#index (for 127.0.0.1 at 2010-05-02 14:08:22) [GET]
  [4;36;1mArticle Load (0.6ms)[0m   [0;1mSELECT * FROM "articles" [0m
Rendering articles/index
Completed in 13ms (View: 9, DB: 1) | 200 OK [http://localhost/articles/]


Processing ArticlesController#index (for 127.0.0.1 at 2010-05-02 14:10:00) [GET]
  [4;36;1mArticle Load (0.6ms)[0m   [0;1mSELECT * FROM "articles" [0m
Rendering articles/index
Completed in 14ms (View: 9, DB: 1) | 200 OK [http://localhost/articles/]


Processing ArticlesController#index (for 127.0.0.1 at 2010-05-02 14:10:02) [GET]
  [4;35;1mArticle Load (0.5ms)[0m   [0mSELECT * FROM "articles" [0m
Rendering articles/index
Completed in 7ms (View: 3, DB: 1) | 200 OK [http://localhost/articles/]


Processing ArticlesController#index (for 127.0.0.1 at 2010-05-02 14:10:03) [GET]
  [4;36;1mArticle Load (0.5ms)[0m   [0;1mSELECT * FROM "articles" [0m
Rendering articles/index
Completed in 7ms (View: 3, DB: 1) | 200 OK [http://localhost/articles/]


Processing ArticlesController#index (for 127.0.0.1 at 2010-05-02 14:10:06) [GET]
  [4;35;1mArticle Load (0.5ms)[0m   [0mSELECT * FROM "articles" [0m
Rendering articles/index
Completed in 8ms (View: 4, DB: 1) | 200 OK [http://localhost/articles/]


Processing ArticlesController#index (for 127.0.0.1 at 2010-05-02 14:10:29) [GET]
  [4;36;1mArticle Load (0.5ms)[0m   [0;1mSELECT * FROM "articles" [0m
Rendering articles/index
Completed in 7ms (View: 3, DB: 1) | 200 OK [http://localhost/articles/]


Processing ArticlesController#index (for 127.0.0.1 at 2010-05-02 14:11:57) [GET]
  [4;35;1mArticle Load (0.9ms)[0m   [0mSELECT * FROM "articles" [0m
Rendering articles/index
Completed in 64ms (View: 60, DB: 1) | 200 OK [http://localhost/articles/]


Processing ArticlesController#index (for 127.0.0.1 at 2010-05-02 14:12:45) [GET]
  [4;36;1mArticle Load (0.6ms)[0m   [0;1mSELECT * FROM "articles" [0m
Rendering articles/index
Completed in 11ms (View: 6, DB: 1) | 200 OK [http://localhost/articles/]


Processing ArticlesController#index (for 127.0.0.1 at 2010-05-02 14:13:59) [GET]
  [4;36;1mArticle Load (0.6ms)[0m   [0;1mSELECT * FROM "articles" [0m
Rendering articles/index
Completed in 23ms (View: 18, DB: 1) | 200 OK [http://localhost/articles/]


Processing ArticlesController#index (for 127.0.0.1 at 2010-05-02 14:38:14) [GET]
  [4;36;1mArticle Load (0.0ms)[0m   [0;1mSQLite3::SQLException: no such column: articles.hide: SELECT * FROM "articles" WHERE ("articles"."hide" = 'f') LIMIT 10[0m

ActiveRecord::StatementInvalid (SQLite3::SQLException: no such column: articles.hide: SELECT * FROM "articles" WHERE ("articles"."hide" = 'f')  LIMIT 10):
  app/models/article.rb:4:in `find_for_frontpage'
  app/controllers/articles_controller.rb:4:in `index'

Rendered rescues/_trace (53.0ms)
Rendered rescues/_request_and_response (48.4ms)
Rendering rescues/layout (internal_server_error)
  [4;36;1mSQL (0.2ms)[0m   [0;1mselect sqlite_version(*)[0m
  [4;35;1mSQL (0.2ms)[0m   [0m SELECT name
 FROM sqlite_master
 WHERE type = 'table' AND NOT name = 'sqlite_sequence'
[0m
  [4;36;1mSQL (2.1ms)[0m   [0;1mCREATE TABLE "articles" ("id" INTEGER PRIMARY KEY AUTOINCREMENT NOT NULL, "url" varchar(255) NOT NULL, "name" varchar(255) NOT NULL, "description" text, "author" varchar(255), "source" varchar(255), "published_at" date, "submission_id" integer, "created_at" datetime, "updated_at" datetime) [0m
  [4;35;1mSQL (2.3ms)[0m   [0mCREATE INDEX "index_articles_on_submission_id" ON "articles" ("submission_id")[0m
  [4;36;1mSQL (0.3ms)[0m   [0;1m SELECT name
 FROM sqlite_master
 WHERE type = 'table' AND NOT name = 'sqlite_sequence'
[0m
  [4;35;1mSQL (2.2ms)[0m   [0mCREATE TABLE "submissions" ("id" INTEGER PRIMARY KEY AUTOINCREMENT NOT NULL, "url" varchar(255) NOT NULL, "note" text, "credit" varchar(255), "created_at" datetime, "updated_at" datetime) [0m
  [4;36;1mSQL (0.3ms)[0m   [0;1m SELECT name
 FROM sqlite_master
 WHERE type = 'table' AND NOT name = 'sqlite_sequence'
[0m
  [4;35;1mSQL (2.0ms)[0m   [0mCREATE TABLE "schema_migrations" ("version" varchar(255) NOT NULL) [0m
  [4;36;1mSQL (1.7ms)[0m   [0;1mCREATE UNIQUE INDEX "unique_schema_migrations" ON "schema_migrations" ("version")[0m
  [4;35;1mSQL (0.2ms)[0m   [0m SELECT name
 FROM sqlite_master
 WHERE type = 'table' AND NOT name = 'sqlite_sequence'
[0m
  [4;36;1mSQL (0.1ms)[0m   [0;1mSELECT version FROM "schema_migrations"[0m
  [4;35;1mSQL (2.0ms)[0m   [0mINSERT INTO "schema_migrations" (version) VALUES ('20100502183209')[0m
  [4;36;1mSQL (2.0ms)[0m   [0;1mINSERT INTO "schema_migrations" (version) VALUES ('20100502182812')[0m


Processing ArticlesController#index (for 127.0.0.1 at 2010-05-02 14:39:48) [GET]
  [4;36;1mArticle Load (0.0ms)[0m   [0;1mSQLite3::SQLException: no such column: articles.hide: SELECT * FROM "articles" WHERE ("articles"."hide" = 'f') LIMIT 10[0m

ActiveRecord::StatementInvalid (SQLite3::SQLException: no such column: articles.hide: SELECT * FROM "articles" WHERE ("articles"."hide" = 'f')  LIMIT 10):
  app/models/article.rb:4:in `find_for_frontpage'
  app/controllers/articles_controller.rb:4:in `index'

Rendered rescues/_trace (54.3ms)
Rendered rescues/_request_and_response (48.5ms)
Rendering rescues/layout (internal_server_error)
  [4;36;1mSQL (0.5ms)[0m   [0;1m SELECT name
 FROM sqlite_master
 WHERE type = 'table' AND NOT name = 'sqlite_sequence'
[0m
  [4;35;1mSQL (0.2ms)[0m   [0mSELECT version FROM schema_migrations[0m
Migrating to CreateArticles (20100502182812)
Migrating to CreateSubmissions (20100502183209)
  [4;36;1mSQL (0.1ms)[0m   [0;1mselect sqlite_version(*)[0m
  [4;35;1mSQL (0.2ms)[0m   [0m SELECT name
 FROM sqlite_master
 WHERE type = 'table' AND NOT name = 'sqlite_sequence'
[0m
  [4;36;1mSQL (0.1ms)[0m   [0;1mSELECT version FROM schema_migrations[0m
  [4;35;1mSQL (0.2ms)[0m   [0m SELECT name
 FROM sqlite_master
 WHERE type = 'table' AND NOT name = 'sqlite_sequence'
[0m
  [4;36;1mSQL (0.1ms)[0m   [0;1mPRAGMA index_list("articles")[0m
  [4;35;1mSQL (0.1ms)[0m   [0mPRAGMA index_info('index_articles_on_submission_id')[0m
  [4;36;1mSQL (0.0ms)[0m   [0;1mPRAGMA index_list("submissions")[0m


Processing ArticlesController#index (for 127.0.0.1 at 2010-05-02 14:40:06) [GET]
  [4;36;1mArticle Load (0.0ms)[0m   [0;1mSQLite3::SQLException: no such column: articles.hide: SELECT * FROM "articles" WHERE ("articles"."hide" = 'f') LIMIT 10[0m

ActiveRecord::StatementInvalid (SQLite3::SQLException: no such column: articles.hide: SELECT * FROM "articles" WHERE ("articles"."hide" = 'f')  LIMIT 10):
  app/models/article.rb:4:in `find_for_frontpage'
  app/controllers/articles_controller.rb:4:in `index'

Rendered rescues/_trace (52.8ms)
Rendered rescues/_request_and_response (50.0ms)
Rendering rescues/layout (internal_server_error)
  [4;36;1mSQL (0.2ms)[0m   [0;1m SELECT name
 FROM sqlite_master
 WHERE type = 'table' AND NOT name = 'sqlite_sequence'
[0m
  [4;35;1mSQL (0.1ms)[0m   [0mselect sqlite_version(*)[0m
  [4;36;1mSQL (1.9ms)[0m   [0;1mCREATE TABLE "schema_migrations" ("version" varchar(255) NOT NULL) [0m
  [4;35;1mSQL (2.0ms)[0m   [0mCREATE UNIQUE INDEX "unique_schema_migrations" ON "schema_migrations" ("version")[0m
  [4;36;1mSQL (0.2ms)[0m   [0;1m SELECT name
 FROM sqlite_master
 WHERE type = 'table' AND NOT name = 'sqlite_sequence'
[0m
  [4;35;1mSQL (0.1ms)[0m   [0mSELECT version FROM schema_migrations[0m
Migrating to CreateArticles (20100502182812)
  [4;36;1mSQL (0.5ms)[0m   [0;1mCREATE TABLE "articles" ("id" INTEGER PRIMARY KEY AUTOINCREMENT NOT NULL, "url" varchar(255) NOT NULL, "name" varchar(255) NOT NULL, "description" text, "author" varchar(255), "source" varchar(255), "published_at" date, "submission_id" integer, "hide" boolean DEFAULT 'f' NOT NULL, "created_at" datetime, "updated_at" datetime) [0m
  [4;35;1mSQL (0.2ms)[0m   [0mCREATE INDEX "index_articles_on_submission_id" ON "articles" ("submission_id")[0m
  [4;36;1mSQL (0.1ms)[0m   [0;1mINSERT INTO schema_migrations (version) VALUES ('20100502182812')[0m
Migrating to CreateSubmissions (20100502183209)
  [4;35;1mSQL (0.4ms)[0m   [0mCREATE TABLE "submissions" ("id" INTEGER PRIMARY KEY AUTOINCREMENT NOT NULL, "url" varchar(255) NOT NULL, "note" text, "credit" varchar(255), "created_at" datetime, "updated_at" datetime) [0m
  [4;36;1mSQL (0.1ms)[0m   [0;1mINSERT INTO schema_migrations (version) VALUES ('20100502183209')[0m
  [4;35;1mSQL (0.3ms)[0m   [0m SELECT name
 FROM sqlite_master
 WHERE type = 'table' AND NOT name = 'sqlite_sequence'
[0m
  [4;36;1mSQL (0.1ms)[0m   [0;1mSELECT version FROM schema_migrations[0m
  [4;35;1mSQL (0.2ms)[0m   [0m SELECT name
 FROM sqlite_master
 WHERE type = 'table' AND NOT name = 'sqlite_sequence'
[0m
  [4;36;1mSQL (0.1ms)[0m   [0;1mPRAGMA index_list("articles")[0m
  [4;35;1mSQL (0.1ms)[0m   [0mPRAGMA index_info('index_articles_on_submission_id')[0m
  [4;36;1mSQL (0.0ms)[0m   [0;1mPRAGMA index_list("submissions")[0m


Processing ArticlesController#index (for 127.0.0.1 at 2010-05-02 14:40:47) [GET]
  [4;36;1mArticle Load (0.4ms)[0m   [0;1mSELECT * FROM "articles" WHERE ("articles"."hide" = 'f') LIMIT 10[0m
Rendering articles/index
Completed in 24ms (View: 6, DB: 0) | 200 OK [http://localhost/articles/]


Processing ArticlesController#index (for 127.0.0.1 at 2010-05-02 14:41:27) [GET]
  [4;36;1mArticle Load (0.6ms)[0m   [0;1mSELECT * FROM "articles" WHERE ("articles"."hide" = 'f') LIMIT 10[0m
Rendering articles/index
Completed in 28ms (View: 10, DB: 1) | 200 OK [http://localhost/articles/]


Processing ArticlesController#index (for 127.0.0.1 at 2010-05-02 21:33:44) [GET]
  [4;35;1mArticle Load (0.5ms)[0m   [0mSELECT * FROM "articles" WHERE ("articles"."hide" = 'f') LIMIT 10[0m
Rendering articles/index
Completed in 8ms (View: 4, DB: 1) | 200 OK [http://localhost/articles/]
  [4;36;1mSQL (0.2ms)[0m   [0;1m SELECT name
 FROM sqlite_master
 WHERE type = 'table' AND NOT name = 'sqlite_sequence'
[0m
  [4;35;1mSQL (0.1ms)[0m   [0mselect sqlite_version(*)[0m
  [4;36;1mSQL (2.0ms)[0m   [0;1mCREATE TABLE "schema_migrations" ("version" varchar(255) NOT NULL) [0m
  [4;35;1mSQL (2.3ms)[0m   [0mCREATE UNIQUE INDEX "unique_schema_migrations" ON "schema_migrations" ("version")[0m
  [4;36;1mSQL (0.3ms)[0m   [0;1m SELECT name
 FROM sqlite_master
 WHERE type = 'table' AND NOT name = 'sqlite_sequence'
[0m
  [4;35;1mSQL (0.1ms)[0m   [0mSELECT version FROM schema_migrations[0m
Migrating to CreateArticles (20100502182812)
  [4;36;1mSQL (0.5ms)[0m   [0;1mCREATE TABLE "articles" ("id" INTEGER PRIMARY KEY AUTOINCREMENT NOT NULL, "url" varchar(255) NOT NULL, "title" varchar(255) NOT NULL, "description" text, "author" varchar(255), "published_at" date, "hide" boolean DEFAULT 'f' NOT NULL, "submission_id" integer, "created_at" datetime, "updated_at" datetime) [0m
  [4;35;1mSQL (0.2ms)[0m   [0mCREATE INDEX "index_articles_on_submission_id" ON "articles" ("submission_id")[0m
  [4;36;1mSQL (0.1ms)[0m   [0;1mINSERT INTO schema_migrations (version) VALUES ('20100502182812')[0m
Migrating to CreateSubmissions (20100502183209)
  [4;35;1mSQL (0.4ms)[0m   [0mCREATE TABLE "submissions" ("id" INTEGER PRIMARY KEY AUTOINCREMENT NOT NULL, "url" varchar(255) NOT NULL, "note" text, "submitter" varchar(255), "source" varchar(255), "created_at" datetime, "updated_at" datetime) [0m
  [4;36;1mSQL (0.1ms)[0m   [0;1mINSERT INTO schema_migrations (version) VALUES ('20100502183209')[0m
  [4;35;1mSQL (0.3ms)[0m   [0m SELECT name
 FROM sqlite_master
 WHERE type = 'table' AND NOT name = 'sqlite_sequence'
[0m
  [4;36;1mSQL (0.2ms)[0m   [0;1mSELECT version FROM schema_migrations[0m
  [4;35;1mSQL (0.2ms)[0m   [0m SELECT name
 FROM sqlite_master
 WHERE type = 'table' AND NOT name = 'sqlite_sequence'
[0m
  [4;36;1mSQL (0.1ms)[0m   [0;1mPRAGMA index_list("articles")[0m
  [4;35;1mSQL (0.1ms)[0m   [0mPRAGMA index_info('index_articles_on_submission_id')[0m
  [4;36;1mSQL (0.0ms)[0m   [0;1mPRAGMA index_list("submissions")[0m


Processing ArticlesController#index (for 127.0.0.1 at 2010-05-02 21:41:43) [GET]
  [4;36;1mArticle Load (0.6ms)[0m   [0;1mSELECT * FROM "articles" WHERE ("articles"."hide" = 'f') LIMIT 10[0m
Rendering articles/index
Completed in 28ms (View: 10, DB: 1) | 200 OK [http://localhost/articles/]


Processing ArticlesController#index (for 127.0.0.1 at 2010-05-02 21:49:04) [GET]
  [4;35;1mArticle Load (0.6ms)[0m   [0mSELECT * FROM "articles" WHERE ("articles"."hide" = 'f') LIMIT 10[0m
Rendering articles/index
Completed in 12ms (View: 7, DB: 1) | 200 OK [http://localhost/articles/]


Processing ArticlesController#index (for 127.0.0.1 at 2010-05-02 21:52:18) [GET]
  [4;36;1mArticle Load (0.5ms)[0m   [0;1mSELECT * FROM "articles" WHERE ("articles"."hide" = 'f') LIMIT 10[0m
Rendering articles/index

ActionView::TemplateError (undefined method `+@' for Mon May 03 02:41:35 UTC 2010:Time) on line #11 of app/views/articles/index.html.erb:
8:     </div>
9:     <div class="article_description"><%= article.description %></div>
10:     <div class="article_metadata">
11:       <div class="article_created_at"><%+ article.created_at %></div>
12:     </div>
13:   </div>
14: <% end %>

    app/views/articles/index.html.erb:11
    app/views/articles/index.html.erb:2:in `each'
    app/views/articles/index.html.erb:2
    app/controllers/articles_controller.rb:5:in `index'

Rendered rescues/_trace (61.2ms)
Rendered rescues/_request_and_response (1.2ms)
Rendering rescues/layout (internal_server_error)


Processing ArticlesController#index (for 127.0.0.1 at 2010-05-02 21:52:30) [GET]
  [4;35;1mArticle Load (0.6ms)[0m   [0mSELECT * FROM "articles" WHERE ("articles"."hide" = 'f') LIMIT 10[0m
Rendering articles/index
Completed in 61ms (View: 7, DB: 1) | 200 OK [http://localhost/articles/]
  [4;36;1mSQL (0.2ms)[0m   [0;1m SELECT name
 FROM sqlite_master
 WHERE type = 'table' AND NOT name = 'sqlite_sequence'
[0m
  [4;35;1mSQL (0.1ms)[0m   [0mselect sqlite_version(*)[0m
  [4;36;1mSQL (3.1ms)[0m   [0;1mCREATE TABLE "schema_migrations" ("version" varchar(255) NOT NULL) [0m
  [4;35;1mSQL (2.1ms)[0m   [0mCREATE UNIQUE INDEX "unique_schema_migrations" ON "schema_migrations" ("version")[0m
  [4;36;1mSQL (0.3ms)[0m   [0;1m SELECT name
 FROM sqlite_master
 WHERE type = 'table' AND NOT name = 'sqlite_sequence'
[0m
  [4;35;1mSQL (0.2ms)[0m   [0mSELECT version FROM schema_migrations[0m
Migrating to CreateArticles (20100502182812)
  [4;36;1mSQL (0.5ms)[0m   [0;1mCREATE TABLE "articles" ("id" INTEGER PRIMARY KEY AUTOINCREMENT NOT NULL, "url" varchar(255) NOT NULL, "title" varchar(255) NOT NULL, "description" text, "author" varchar(255), "source" varchar(255), "published_at" date, "hide" boolean DEFAULT 'f' NOT NULL, "submission_id" integer, "created_at" datetime, "updated_at" datetime) [0m
  [4;35;1mSQL (0.1ms)[0m   [0mCREATE INDEX "index_articles_on_submission_id" ON "articles" ("submission_id")[0m
  [4;36;1mSQL (0.1ms)[0m   [0;1mINSERT INTO schema_migrations (version) VALUES ('20100502182812')[0m
Migrating to CreateSubmissions (20100502183209)
  [4;35;1mSQL (0.4ms)[0m   [0mCREATE TABLE "submissions" ("id" INTEGER PRIMARY KEY AUTOINCREMENT NOT NULL, "url" varchar(255) NOT NULL, "note" text, "submitter" varchar(255), "source" varchar(255), "created_at" datetime, "updated_at" datetime) [0m
  [4;36;1mSQL (0.1ms)[0m   [0;1mINSERT INTO schema_migrations (version) VALUES ('20100502183209')[0m
  [4;35;1mSQL (0.3ms)[0m   [0m SELECT name
 FROM sqlite_master
 WHERE type = 'table' AND NOT name = 'sqlite_sequence'
[0m
  [4;36;1mSQL (0.1ms)[0m   [0;1mSELECT version FROM schema_migrations[0m
  [4;35;1mSQL (0.2ms)[0m   [0m SELECT name
 FROM sqlite_master
 WHERE type = 'table' AND NOT name = 'sqlite_sequence'
[0m
  [4;36;1mSQL (0.1ms)[0m   [0;1mPRAGMA index_list("articles")[0m
  [4;35;1mSQL (0.1ms)[0m   [0mPRAGMA index_info('index_articles_on_submission_id')[0m
  [4;36;1mSQL (0.0ms)[0m   [0;1mPRAGMA index_list("submissions")[0m


Processing ArticlesController#index (for 127.0.0.1 at 2010-05-02 21:53:45) [GET]
  [4;36;1mArticle Load (0.6ms)[0m   [0;1mSELECT * FROM "articles" WHERE ("articles"."hide" = 'f') LIMIT 10[0m
Rendering articles/index
Completed in 12ms (View: 7, DB: 1) | 200 OK [http://localhost/articles/]


Processing ArticlesController#index (for 127.0.0.1 at 2010-05-02 21:54:03) [GET]
  [4;35;1mArticle Load (0.6ms)[0m   [0mSELECT * FROM "articles" WHERE ("articles"."hide" = 'f') LIMIT 10[0m
Rendering articles/index
Completed in 12ms (View: 8, DB: 1) | 200 OK [http://localhost/articles/]


Processing ArticlesController#index (for 127.0.0.1 at 2010-05-02 21:59:31) [GET]
  [4;36;1mArticle Load (0.5ms)[0m   [0;1mSELECT * FROM "articles" WHERE ("articles"."hide" = 'f') LIMIT 10[0m
Rendering template within layouts/articles
Rendering articles/index
Completed in 18ms (View: 14, DB: 1) | 200 OK [http://localhost/articles/]


Processing ArticlesController#index (for 127.0.0.1 at 2010-05-02 22:00:20) [GET]
  [4;35;1mArticle Load (0.7ms)[0m   [0mSELECT * FROM "articles" WHERE ("articles"."hide" = 'f') LIMIT 10[0m
Rendering template within layouts/articles
Rendering articles/index
Completed in 12ms (View: 8, DB: 1) | 200 OK [http://localhost/articles/]


Processing ApplicationController#index (for 127.0.0.1 at 2010-05-02 22:00:20) [GET]

ActionController::RoutingError (No route matches "/stylesheets/scaffold.css" with {:method=>:get}):
  

Rendering rescues/layout (not_found)


Processing ArticlesController#index (for 127.0.0.1 at 2010-05-02 22:00:21) [GET]
  [4;36;1mArticle Load (0.6ms)[0m   [0;1mSELECT * FROM "articles" WHERE ("articles"."hide" = 'f') LIMIT 10[0m
Rendering template within layouts/articles
Rendering articles/index
Completed in 9ms (View: 5, DB: 1) | 200 OK [http://localhost/articles/]


Processing ApplicationController#index (for 127.0.0.1 at 2010-05-02 22:00:21) [GET]

ActionController::RoutingError (No route matches "/stylesheets/scaffold.css" with {:method=>:get}):
  

Rendering rescues/layout (not_found)


Processing ArticlesController#index (for 127.0.0.1 at 2010-05-02 22:02:21) [GET]
  [4;35;1mArticle Load (0.6ms)[0m   [0mSELECT * FROM "articles" WHERE ("articles"."hide" = 'f') LIMIT 10[0m
Rendering template within layouts/articles
Rendering articles/index
Completed in 12ms (View: 8, DB: 1) | 200 OK [http://localhost/articles/]


Processing ArticlesController#index (for 127.0.0.1 at 2010-05-02 22:03:10) [GET]
  [4;36;1mArticle Load (0.5ms)[0m   [0;1mSELECT * FROM "articles" WHERE ("articles"."hide" = 'f') LIMIT 10[0m
Rendering template within layouts/articles
Rendering articles/index
Completed in 12ms (View: 7, DB: 1) | 200 OK [http://localhost/articles/]


Processing ArticlesController#index (for 127.0.0.1 at 2010-05-02 22:04:36) [GET]
  [4;35;1mArticle Load (0.5ms)[0m   [0mSELECT * FROM "articles" WHERE ("articles"."hide" = 'f') LIMIT 10[0m
Rendering template within layouts/articles
Rendering articles/index
Completed in 9ms (View: 4, DB: 1) | 200 OK [http://localhost/articles/]


Processing ArticlesController#index (for 127.0.0.1 at 2010-05-02 22:04:41) [GET]
  [4;36;1mArticle Load (0.6ms)[0m   [0;1mSELECT * FROM "articles" WHERE ("articles"."hide" = 'f') LIMIT 10[0m
Rendering template within layouts/articles
Rendering articles/index
Completed in 9ms (View: 4, DB: 1) | 200 OK [http://localhost/articles/]


Processing ArticlesController#index (for 127.0.0.1 at 2010-05-02 22:05:00) [GET]
  [4;35;1mArticle Load (0.5ms)[0m   [0mSELECT * FROM "articles" WHERE ("articles"."hide" = 'f') LIMIT 10[0m
Rendering template within layouts/articles
Rendering articles/index
Completed in 8ms (View: 4, DB: 1) | 200 OK [http://localhost/articles/]


Processing ArticlesController#index (for 127.0.0.1 at 2010-05-02 22:05:59) [GET]
  [4;36;1mArticle Load (0.6ms)[0m   [0;1mSELECT * FROM "articles" WHERE ("articles"."hide" = 'f') LIMIT 10[0m
Rendering template within layouts/articles
Rendering articles/index
Completed in 9ms (View: 5, DB: 1) | 200 OK [http://localhost/articles/]


Processing ArticlesController#index (for 127.0.0.1 at 2010-05-02 22:06:07) [GET]
  [4;35;1mArticle Load (48.4ms)[0m   [0mSELECT * FROM "articles" WHERE ("articles"."hide" = 'f') LIMIT 10[0m
Rendering template within layouts/articles
Rendering articles/index
Completed in 56ms (View: 4, DB: 48) | 200 OK [http://localhost/articles/]


Processing ArticlesController#index (for 127.0.0.1 at 2010-05-02 22:06:12) [GET]
  [4;36;1mArticle Load (0.5ms)[0m   [0;1mSELECT * FROM "articles" WHERE ("articles"."hide" = 'f') LIMIT 10[0m
Rendering template within layouts/articles
Rendering articles/index
Completed in 9ms (View: 4, DB: 1) | 200 OK [http://localhost/articles/]


Processing ArticlesController#index (for 127.0.0.1 at 2010-05-02 22:06:17) [GET]
  [4;35;1mArticle Load (0.5ms)[0m   [0mSELECT * FROM "articles" WHERE ("articles"."hide" = 'f') LIMIT 10[0m
Rendering template within layouts/articles
Rendering articles/index
Completed in 9ms (View: 4, DB: 1) | 200 OK [http://localhost/articles/]


Processing ArticlesController#index (for 127.0.0.1 at 2010-05-02 22:06:23) [GET]
  [4;36;1mArticle Load (0.5ms)[0m   [0;1mSELECT * FROM "articles" WHERE ("articles"."hide" = 'f') LIMIT 10[0m
Rendering template within layouts/articles
Rendering articles/index
Completed in 9ms (View: 4, DB: 1) | 200 OK [http://localhost/articles/]


Processing ArticlesController#index (for 127.0.0.1 at 2010-05-02 22:06:38) [GET]
  [4;35;1mArticle Load (0.6ms)[0m   [0mSELECT * FROM "articles" WHERE ("articles"."hide" = 'f') LIMIT 10[0m
Rendering template within layouts/articles
Rendering articles/index
Completed in 9ms (View: 4, DB: 1) | 200 OK [http://localhost/articles/]


Processing ArticlesController#index (for 127.0.0.1 at 2010-05-02 22:06:49) [GET]
  [4;36;1mArticle Load (0.5ms)[0m   [0;1mSELECT * FROM "articles" WHERE ("articles"."hide" = 'f') LIMIT 10[0m
Rendering template within layouts/articles
Rendering articles/index
Completed in 9ms (View: 4, DB: 1) | 200 OK [http://localhost/articles/]


Processing ArticlesController#index (for 127.0.0.1 at 2010-05-02 22:06:58) [GET]
  [4;35;1mArticle Load (0.6ms)[0m   [0mSELECT * FROM "articles" WHERE ("articles"."hide" = 'f') LIMIT 10[0m
Rendering template within layouts/articles
Rendering articles/index
Completed in 8ms (View: 4, DB: 1) | 200 OK [http://localhost/articles/]


Processing ArticlesController#index (for 127.0.0.1 at 2010-05-02 22:07:34) [GET]
  [4;36;1mArticle Load (0.5ms)[0m   [0;1mSELECT * FROM "articles" WHERE ("articles"."hide" = 'f') LIMIT 10[0m
Rendering template within layouts/articles
Rendering articles/index
Completed in 8ms (View: 4, DB: 1) | 200 OK [http://localhost/articles/]


Processing ArticlesController#index (for 127.0.0.1 at 2010-05-02 22:08:05) [GET]
  [4;35;1mArticle Load (0.5ms)[0m   [0mSELECT * FROM "articles" WHERE ("articles"."hide" = 'f') LIMIT 10[0m
Rendering template within layouts/articles
Rendering articles/index
Completed in 8ms (View: 4, DB: 1) | 200 OK [http://localhost/articles/]


Processing ArticlesController#index (for 127.0.0.1 at 2010-05-02 22:08:31) [GET]
  [4;36;1mArticle Load (0.5ms)[0m   [0;1mSELECT * FROM "articles" WHERE ("articles"."hide" = 'f') LIMIT 10[0m
Rendering template within layouts/articles
Rendering articles/index
Completed in 8ms (View: 4, DB: 1) | 200 OK [http://localhost/articles/]


Processing ArticlesController#index (for 127.0.0.1 at 2010-05-02 22:09:04) [GET]
  [4;35;1mArticle Load (0.6ms)[0m   [0mSELECT * FROM "articles" WHERE ("articles"."hide" = 'f') LIMIT 10[0m
Rendering template within layouts/articles
Rendering articles/index
Completed in 8ms (View: 4, DB: 1) | 200 OK [http://localhost/articles/]


Processing ArticlesController#index (for 127.0.0.1 at 2010-05-02 22:11:23) [GET]
  [4;36;1mArticle Load (0.5ms)[0m   [0;1mSELECT * FROM "articles" WHERE ("articles"."hide" = 'f') LIMIT 10[0m
Rendering template within layouts/articles
Rendering articles/index
Completed in 8ms (View: 4, DB: 1) | 200 OK [http://localhost/articles/]


Processing ArticlesController#index (for 127.0.0.1 at 2010-05-02 22:11:36) [GET]
  [4;35;1mArticle Load (0.6ms)[0m   [0mSELECT * FROM "articles" WHERE ("articles"."hide" = 'f') LIMIT 10[0m
Rendering template within layouts/articles
Rendering articles/index
Completed in 8ms (View: 4, DB: 1) | 200 OK [http://localhost/articles/]


Processing ArticlesController#index (for 127.0.0.1 at 2010-05-02 22:11:50) [GET]
  [4;36;1mArticle Load (0.6ms)[0m   [0;1mSELECT * FROM "articles" WHERE ("articles"."hide" = 'f') LIMIT 10[0m
Rendering template within layouts/articles
Rendering articles/index
Completed in 9ms (View: 4, DB: 1) | 200 OK [http://localhost/articles/]


Processing ArticlesController#index (for 127.0.0.1 at 2010-05-02 22:12:01) [GET]
  [4;35;1mArticle Load (0.9ms)[0m   [0mSELECT * FROM "articles" WHERE ("articles"."hide" = 'f') LIMIT 10[0m
Rendering template within layouts/articles
Rendering articles/index
Completed in 9ms (View: 4, DB: 1) | 200 OK [http://localhost/articles/]


Processing ArticlesController#index (for 127.0.0.1 at 2010-05-02 22:12:06) [GET]
  [4;36;1mArticle Load (0.5ms)[0m   [0;1mSELECT * FROM "articles" WHERE ("articles"."hide" = 'f') LIMIT 10[0m
Rendering template within layouts/articles
Rendering articles/index
Completed in 9ms (View: 4, DB: 1) | 200 OK [http://localhost/articles/]


Processing ArticlesController#index (for 127.0.0.1 at 2010-05-02 22:12:15) [GET]
  [4;35;1mArticle Load (0.6ms)[0m   [0mSELECT * FROM "articles" WHERE ("articles"."hide" = 'f') LIMIT 10[0m
Rendering template within layouts/articles
Rendering articles/index
Completed in 9ms (View: 4, DB: 1) | 200 OK [http://localhost/articles/]


Processing ArticlesController#index (for 127.0.0.1 at 2010-05-02 22:12:24) [GET]
  [4;36;1mArticle Load (0.5ms)[0m   [0;1mSELECT * FROM "articles" WHERE ("articles"."hide" = 'f') LIMIT 10[0m
Rendering template within layouts/articles
Rendering articles/index
Completed in 9ms (View: 4, DB: 1) | 200 OK [http://localhost/articles/]


Processing ArticlesController#index (for 127.0.0.1 at 2010-05-02 22:12:37) [GET]
  [4;35;1mArticle Load (0.5ms)[0m   [0mSELECT * FROM "articles" WHERE ("articles"."hide" = 'f') LIMIT 10[0m
Rendering template within layouts/articles
Rendering articles/index
Completed in 9ms (View: 4, DB: 1) | 200 OK [http://localhost/articles/]


Processing ArticlesController#index (for 127.0.0.1 at 2010-05-02 22:12:42) [GET]
  [4;36;1mArticle Load (0.6ms)[0m   [0;1mSELECT * FROM "articles" WHERE ("articles"."hide" = 'f') LIMIT 10[0m
Rendering template within layouts/articles
Rendering articles/index
Completed in 9ms (View: 4, DB: 1) | 200 OK [http://localhost/articles/]


Processing ArticlesController#index (for 127.0.0.1 at 2010-05-02 22:12:55) [GET]
  [4;35;1mArticle Load (0.9ms)[0m   [0mSELECT * FROM "articles" WHERE ("articles"."hide" = 'f') LIMIT 10[0m
Rendering template within layouts/articles
Rendering articles/index
Completed in 9ms (View: 4, DB: 1) | 200 OK [http://localhost/articles/]


Processing ArticlesController#index (for 127.0.0.1 at 2010-05-02 22:13:01) [GET]
  [4;36;1mArticle Load (0.6ms)[0m   [0;1mSELECT * FROM "articles" WHERE ("articles"."hide" = 'f') LIMIT 10[0m
Rendering template within layouts/articles
Rendering articles/index
Completed in 9ms (View: 4, DB: 1) | 200 OK [http://localhost/articles/]


Processing ArticlesController#index (for 127.0.0.1 at 2010-05-02 22:13:17) [GET]
  [4;35;1mArticle Load (0.5ms)[0m   [0mSELECT * FROM "articles" WHERE ("articles"."hide" = 'f') LIMIT 10[0m
Rendering template within layouts/articles
Rendering articles/index
Completed in 8ms (View: 4, DB: 1) | 200 OK [http://localhost/articles/]


Processing ArticlesController#index (for 127.0.0.1 at 2010-05-02 22:14:56) [GET]
  [4;36;1mArticle Load (0.6ms)[0m   [0;1mSELECT * FROM "articles" WHERE ("articles"."hide" = 'f') LIMIT 10[0m
Rendering template within layouts/articles
Rendering articles/index
Completed in 9ms (View: 4, DB: 1) | 200 OK [http://localhost/articles/]


Processing ArticlesController#index (for 127.0.0.1 at 2010-05-02 22:25:09) [GET]
  [4;35;1mArticle Load (0.6ms)[0m   [0mSELECT * FROM "articles" WHERE ("articles"."hide" = 'f') LIMIT 10[0m
Rendering template within layouts/articles
Rendering articles/index
Completed in 8ms (View: 4, DB: 1) | 200 OK [http://localhost/articles/]


Processing ArticlesController#index (for 127.0.0.1 at 2010-05-02 22:25:23) [GET]
  [4;36;1mArticle Load (0.5ms)[0m   [0;1mSELECT * FROM "articles" WHERE ("articles"."hide" = 'f') LIMIT 10[0m
Rendering template within layouts/articles
Rendering articles/index
Completed in 8ms (View: 4, DB: 1) | 200 OK [http://localhost/articles/]


Processing ArticlesController#index (for 127.0.0.1 at 2010-05-02 22:25:52) [GET]
  [4;35;1mArticle Load (0.5ms)[0m   [0mSELECT * FROM "articles" WHERE ("articles"."hide" = 'f') LIMIT 10[0m
Rendering template within layouts/articles
Rendering articles/index
Completed in 8ms (View: 4, DB: 1) | 200 OK [http://localhost/articles/]


Processing ArticlesController#index (for 127.0.0.1 at 2010-05-02 22:26:36) [GET]
  [4;36;1mArticle Load (0.5ms)[0m   [0;1mSELECT * FROM "articles" WHERE ("articles"."hide" = 'f') LIMIT 10[0m
Rendering template within layouts/articles
Rendering articles/index
Completed in 9ms (View: 4, DB: 1) | 200 OK [http://localhost/articles/]


Processing ArticlesController#index (for 127.0.0.1 at 2010-05-02 22:26:46) [GET]
  [4;35;1mArticle Load (0.5ms)[0m   [0mSELECT * FROM "articles" WHERE ("articles"."hide" = 'f') LIMIT 10[0m
Rendering template within layouts/articles
Rendering articles/index
Completed in 8ms (View: 4, DB: 1) | 200 OK [http://localhost/articles/]


Processing ArticlesController#index (for 127.0.0.1 at 2010-05-02 22:26:57) [GET]
  [4;36;1mArticle Load (0.5ms)[0m   [0;1mSELECT * FROM "articles" WHERE ("articles"."hide" = 'f') LIMIT 10[0m
Rendering template within layouts/articles
Rendering articles/index
Completed in 8ms (View: 4, DB: 1) | 200 OK [http://localhost/articles/]


Processing ArticlesController#index (for 127.0.0.1 at 2010-05-02 22:27:17) [GET]
  [4;35;1mArticle Load (0.6ms)[0m   [0mSELECT * FROM "articles" WHERE ("articles"."hide" = 'f') LIMIT 10[0m
Rendering template within layouts/articles
Rendering articles/index
Completed in 9ms (View: 4, DB: 1) | 200 OK [http://localhost/articles/]


Processing ArticlesController#index (for 127.0.0.1 at 2010-05-02 22:27:27) [GET]
  [4;36;1mArticle Load (0.5ms)[0m   [0;1mSELECT * FROM "articles" WHERE ("articles"."hide" = 'f') LIMIT 10[0m
Rendering template within layouts/articles
Rendering articles/index
Completed in 9ms (View: 4, DB: 1) | 200 OK [http://localhost/articles/]


Processing ArticlesController#index (for 127.0.0.1 at 2010-05-02 22:27:39) [GET]
  [4;35;1mArticle Load (0.6ms)[0m   [0mSELECT * FROM "articles" WHERE ("articles"."hide" = 'f') LIMIT 10[0m
Rendering template within layouts/articles
Rendering articles/index
Completed in 8ms (View: 4, DB: 1) | 200 OK [http://localhost/articles/]


Processing ArticlesController#index (for 127.0.0.1 at 2010-05-02 22:28:04) [GET]
  [4;36;1mArticle Load (0.6ms)[0m   [0;1mSELECT * FROM "articles" WHERE ("articles"."hide" = 'f') LIMIT 10[0m
Rendering template within layouts/articles
Rendering articles/index
Completed in 8ms (View: 4, DB: 1) | 200 OK [http://localhost/articles/]


Processing ArticlesController#index (for 127.0.0.1 at 2010-05-02 22:28:11) [GET]
  [4;35;1mArticle Load (0.5ms)[0m   [0mSELECT * FROM "articles" WHERE ("articles"."hide" = 'f') LIMIT 10[0m
Rendering template within layouts/articles
Rendering articles/index
Completed in 9ms (View: 5, DB: 1) | 200 OK [http://localhost/articles/]


Processing ArticlesController#index (for 127.0.0.1 at 2010-05-02 22:29:29) [GET]
  [4;36;1mArticle Load (0.6ms)[0m   [0;1mSELECT * FROM "articles" WHERE ("articles"."hide" = 'f') LIMIT 10[0m
Rendering template within layouts/articles
Rendering articles/index
Completed in 9ms (View: 4, DB: 1) | 200 OK [http://localhost/articles/]


Processing ArticlesController#index (for 127.0.0.1 at 2010-05-02 22:30:45) [GET]
  [4;35;1mArticle Load (0.5ms)[0m   [0mSELECT * FROM "articles" WHERE ("articles"."hide" = 'f') LIMIT 10[0m
Rendering template within layouts/articles
Rendering articles/index
Completed in 9ms (View: 4, DB: 1) | 200 OK [http://localhost/articles/]


Processing ArticlesController#index (for 127.0.0.1 at 2010-05-02 22:30:53) [GET]
  [4;36;1mArticle Load (0.5ms)[0m   [0;1mSELECT * FROM "articles" WHERE ("articles"."hide" = 'f') LIMIT 10[0m
Rendering template within layouts/articles
Rendering articles/index
Completed in 53ms (View: 49, DB: 1) | 200 OK [http://localhost/articles/]


Processing ArticlesController#index (for 127.0.0.1 at 2010-05-02 22:31:30) [GET]
  [4;35;1mArticle Load (0.6ms)[0m   [0mSELECT * FROM "articles" WHERE ("articles"."hide" = 'f') LIMIT 10[0m
Rendering template within layouts/articles
Rendering articles/index
Completed in 9ms (View: 4, DB: 1) | 200 OK [http://localhost/articles/]


Processing ArticlesController#index (for 127.0.0.1 at 2010-05-02 22:31:36) [GET]
  [4;36;1mArticle Load (0.6ms)[0m   [0;1mSELECT * FROM "articles" WHERE ("articles"."hide" = 'f') LIMIT 10[0m
Rendering template within layouts/articles
Rendering articles/index
Completed in 9ms (View: 4, DB: 1) | 200 OK [http://localhost/articles/]


Processing ArticlesController#index (for 127.0.0.1 at 2010-05-02 22:31:44) [GET]
  [4;35;1mArticle Load (0.5ms)[0m   [0mSELECT * FROM "articles" WHERE ("articles"."hide" = 'f') LIMIT 10[0m
Rendering template within layouts/articles
Rendering articles/index
Completed in 9ms (View: 4, DB: 1) | 200 OK [http://localhost/articles/]


Processing ArticlesController#index (for 127.0.0.1 at 2010-05-02 22:31:52) [GET]
  [4;36;1mArticle Load (0.6ms)[0m   [0;1mSELECT * FROM "articles" WHERE ("articles"."hide" = 'f') LIMIT 10[0m
Rendering template within layouts/articles
Rendering articles/index
Completed in 8ms (View: 4, DB: 1) | 200 OK [http://localhost/articles/]


Processing ArticlesController#index (for 127.0.0.1 at 2010-05-02 22:32:42) [GET]
  [4;35;1mArticle Load (0.5ms)[0m   [0mSELECT * FROM "articles" WHERE ("articles"."hide" = 'f') LIMIT 10[0m
Rendering template within layouts/articles
Rendering articles/index
Completed in 8ms (View: 4, DB: 1) | 200 OK [http://localhost/articles/]


Processing ArticlesController#index (for 127.0.0.1 at 2010-05-02 22:34:07) [GET]
  [4;36;1mArticle Load (0.5ms)[0m   [0;1mSELECT * FROM "articles" WHERE ("articles"."hide" = 'f') LIMIT 10[0m
Rendering template within layouts/articles
Rendering articles/index
Completed in 8ms (View: 4, DB: 1) | 200 OK [http://localhost/articles/]


Processing ArticlesController#index (for 127.0.0.1 at 2010-05-02 22:34:19) [GET]
  [4;35;1mArticle Load (0.5ms)[0m   [0mSELECT * FROM "articles" WHERE ("articles"."hide" = 'f') LIMIT 10[0m
Rendering template within layouts/articles
Rendering articles/index
Completed in 8ms (View: 4, DB: 1) | 200 OK [http://localhost/articles/]


Processing ArticlesController#index (for 127.0.0.1 at 2010-05-02 22:34:29) [GET]
  [4;36;1mArticle Load (0.6ms)[0m   [0;1mSELECT * FROM "articles" WHERE ("articles"."hide" = 'f') LIMIT 10[0m
Rendering template within layouts/articles
Rendering articles/index
Completed in 9ms (View: 4, DB: 1) | 200 OK [http://localhost/articles/]


Processing ArticlesController#index (for 127.0.0.1 at 2010-05-02 22:35:03) [GET]
  [4;35;1mArticle Load (0.6ms)[0m   [0mSELECT * FROM "articles" WHERE ("articles"."hide" = 'f') LIMIT 10[0m
Rendering template within layouts/articles
Rendering articles/index
Completed in 8ms (View: 4, DB: 1) | 200 OK [http://localhost/articles/]


Processing ArticlesController#index (for 127.0.0.1 at 2010-05-02 22:35:18) [GET]
  [4;36;1mArticle Load (0.6ms)[0m   [0;1mSELECT * FROM "articles" WHERE ("articles"."hide" = 'f') LIMIT 10[0m
Rendering template within layouts/articles
Rendering articles/index
Completed in 9ms (View: 4, DB: 1) | 200 OK [http://localhost/articles/]


Processing ArticlesController#index (for 127.0.0.1 at 2010-05-02 22:35:33) [GET]
  [4;35;1mArticle Load (0.6ms)[0m   [0mSELECT * FROM "articles" WHERE ("articles"."hide" = 'f') LIMIT 10[0m
Rendering template within layouts/articles
Rendering articles/index
Completed in 8ms (View: 4, DB: 1) | 200 OK [http://localhost/articles/]


Processing ArticlesController#index (for 127.0.0.1 at 2010-05-02 22:35:39) [GET]
  [4;36;1mArticle Load (0.5ms)[0m   [0;1mSELECT * FROM "articles" WHERE ("articles"."hide" = 'f') LIMIT 10[0m
Rendering template within layouts/articles
Rendering articles/index
Completed in 9ms (View: 4, DB: 1) | 200 OK [http://localhost/articles/]


Processing ArticlesController#index (for 127.0.0.1 at 2010-05-02 22:35:45) [GET]
  [4;35;1mArticle Load (0.5ms)[0m   [0mSELECT * FROM "articles" WHERE ("articles"."hide" = 'f') LIMIT 10[0m
Rendering template within layouts/articles
Rendering articles/index
Completed in 8ms (View: 4, DB: 1) | 200 OK [http://localhost/articles/]


Processing ArticlesController#index (for 127.0.0.1 at 2010-05-02 22:36:05) [GET]
  [4;36;1mArticle Load (0.5ms)[0m   [0;1mSELECT * FROM "articles" WHERE ("articles"."hide" = 'f') LIMIT 10[0m
Rendering template within layouts/articles
Rendering articles/index
Completed in 9ms (View: 4, DB: 1) | 200 OK [http://localhost/articles/]


Processing ArticlesController#index (for 127.0.0.1 at 2010-05-02 22:36:16) [GET]
  [4;35;1mArticle Load (0.6ms)[0m   [0mSELECT * FROM "articles" WHERE ("articles"."hide" = 'f') LIMIT 10[0m
Rendering template within layouts/articles
Rendering articles/index
Completed in 54ms (View: 4, DB: 1) | 200 OK [http://localhost/articles/]


Processing ArticlesController#index (for 127.0.0.1 at 2010-05-02 22:36:23) [GET]
  [4;36;1mArticle Load (0.6ms)[0m   [0;1mSELECT * FROM "articles" WHERE ("articles"."hide" = 'f') LIMIT 10[0m
Rendering template within layouts/articles
Rendering articles/index
Completed in 9ms (View: 4, DB: 1) | 200 OK [http://localhost/articles/]


Processing ArticlesController#index (for 127.0.0.1 at 2010-05-02 22:37:21) [GET]
  [4;35;1mArticle Load (0.6ms)[0m   [0mSELECT * FROM "articles" WHERE ("articles"."hide" = 'f') LIMIT 10[0m
Rendering template within layouts/articles
Rendering articles/index
Completed in 12ms (View: 8, DB: 1) | 200 OK [http://localhost/articles/]


Processing ArticlesController#index (for 127.0.0.1 at 2010-05-02 22:37:33) [GET]
  [4;36;1mArticle Load (0.5ms)[0m   [0;1mSELECT * FROM "articles" WHERE ("articles"."hide" = 'f') LIMIT 10[0m
Rendering template within layouts/articles
Rendering articles/index
Completed in 8ms (View: 4, DB: 1) | 200 OK [http://localhost/articles/]


Processing ArticlesController#index (for 127.0.0.1 at 2010-05-02 22:37:50) [GET]
  [4;35;1mArticle Load (0.6ms)[0m   [0mSELECT * FROM "articles" WHERE ("articles"."hide" = 'f') LIMIT 10[0m
Rendering template within layouts/articles
Rendering articles/index
Completed in 9ms (View: 4, DB: 1) | 200 OK [http://localhost/articles/]


Processing ArticlesController#index (for 127.0.0.1 at 2010-05-02 22:38:09) [GET]
  [4;36;1mArticle Load (0.5ms)[0m   [0;1mSELECT * FROM "articles" WHERE ("articles"."hide" = 'f') LIMIT 10[0m
Rendering template within layouts/articles
Rendering articles/index
Completed in 8ms (View: 4, DB: 1) | 200 OK [http://localhost/articles/]


Processing ArticlesController#index (for 127.0.0.1 at 2010-05-02 22:38:18) [GET]
  [4;35;1mArticle Load (0.5ms)[0m   [0mSELECT * FROM "articles" WHERE ("articles"."hide" = 'f') LIMIT 10[0m
Rendering template within layouts/articles
Rendering articles/index
Completed in 8ms (View: 4, DB: 1) | 200 OK [http://localhost/articles/]


Processing ArticlesController#index (for 127.0.0.1 at 2010-05-02 22:38:28) [GET]
  [4;36;1mArticle Load (0.6ms)[0m   [0;1mSELECT * FROM "articles" WHERE ("articles"."hide" = 'f') LIMIT 10[0m
Rendering template within layouts/articles
Rendering articles/index
Completed in 9ms (View: 4, DB: 1) | 200 OK [http://localhost/articles/]


Processing ArticlesController#index (for 127.0.0.1 at 2010-05-02 22:38:37) [GET]
  [4;35;1mArticle Load (0.5ms)[0m   [0mSELECT * FROM "articles" WHERE ("articles"."hide" = 'f') LIMIT 10[0m
Rendering template within layouts/articles
Rendering articles/index
Completed in 8ms (View: 4, DB: 1) | 200 OK [http://localhost/articles/]


Processing ArticlesController#index (for 127.0.0.1 at 2010-05-02 22:39:30) [GET]
  [4;36;1mArticle Load (0.6ms)[0m   [0;1mSELECT * FROM "articles" WHERE ("articles"."hide" = 'f') LIMIT 10[0m
Rendering template within layouts/articles
Rendering articles/index
Completed in 9ms (View: 4, DB: 1) | 200 OK [http://localhost/articles/]


Processing ArticlesController#index (for 127.0.0.1 at 2010-05-02 22:39:55) [GET]
  [4;35;1mArticle Load (0.5ms)[0m   [0mSELECT * FROM "articles" WHERE ("articles"."hide" = 'f') LIMIT 10[0m
Rendering template within layouts/articles
Rendering articles/index
Completed in 8ms (View: 4, DB: 1) | 200 OK [http://localhost/articles/]


Processing ArticlesController#index (for 127.0.0.1 at 2010-05-02 22:40:06) [GET]
  [4;36;1mArticle Load (0.5ms)[0m   [0;1mSELECT * FROM "articles" WHERE ("articles"."hide" = 'f') LIMIT 10[0m
Rendering template within layouts/articles
Rendering articles/index
Completed in 8ms (View: 4, DB: 1) | 200 OK [http://localhost/articles/]


Processing ArticlesController#index (for 127.0.0.1 at 2010-05-02 22:40:15) [GET]
  [4;35;1mArticle Load (0.5ms)[0m   [0mSELECT * FROM "articles" WHERE ("articles"."hide" = 'f') LIMIT 10[0m
Rendering template within layouts/articles
Rendering articles/index
Completed in 8ms (View: 4, DB: 1) | 200 OK [http://localhost/articles/]


Processing ArticlesController#index (for 127.0.0.1 at 2010-05-02 22:40:29) [GET]
  [4;36;1mArticle Load (0.5ms)[0m   [0;1mSELECT * FROM "articles" WHERE ("articles"."hide" = 'f') LIMIT 10[0m
Rendering template within layouts/articles
Rendering articles/index
Completed in 8ms (View: 4, DB: 1) | 200 OK [http://localhost/articles/]


Processing ArticlesController#index (for 127.0.0.1 at 2010-05-02 22:40:56) [GET]
  [4;35;1mArticle Load (0.7ms)[0m   [0mSELECT * FROM "articles" WHERE ("articles"."hide" = 'f') LIMIT 10[0m
Rendering template within layouts/articles
Rendering articles/index
Completed in 11ms (View: 5, DB: 1) | 200 OK [http://localhost/articles/]


Processing ArticlesController#index (for 127.0.0.1 at 2010-05-02 22:41:08) [GET]
  [4;36;1mArticle Load (0.6ms)[0m   [0;1mSELECT * FROM "articles" WHERE ("articles"."hide" = 'f') LIMIT 10[0m
Rendering template within layouts/articles
Rendering articles/index
Completed in 9ms (View: 4, DB: 1) | 200 OK [http://localhost/articles/]


Processing ArticlesController#index (for 127.0.0.1 at 2010-05-02 22:41:21) [GET]
  [4;35;1mArticle Load (0.6ms)[0m   [0mSELECT * FROM "articles" WHERE ("articles"."hide" = 'f') LIMIT 10[0m
Rendering template within layouts/articles
Rendering articles/index
Completed in 9ms (View: 4, DB: 1) | 200 OK [http://localhost/articles/]


Processing ArticlesController#index (for 127.0.0.1 at 2010-05-02 22:41:30) [GET]
  [4;36;1mArticle Load (0.5ms)[0m   [0;1mSELECT * FROM "articles" WHERE ("articles"."hide" = 'f') LIMIT 10[0m
Rendering template within layouts/articles
Rendering articles/index
Completed in 9ms (View: 4, DB: 1) | 200 OK [http://localhost/articles/]


Processing ArticlesController#index (for 127.0.0.1 at 2010-05-02 22:41:37) [GET]
  [4;35;1mArticle Load (0.6ms)[0m   [0mSELECT * FROM "articles" WHERE ("articles"."hide" = 'f') LIMIT 10[0m
Rendering template within layouts/articles
Rendering articles/index
Completed in 8ms (View: 4, DB: 1) | 200 OK [http://localhost/articles/]


Processing ArticlesController#index (for 127.0.0.1 at 2010-05-02 22:41:46) [GET]
  [4;36;1mArticle Load (0.5ms)[0m   [0;1mSELECT * FROM "articles" WHERE ("articles"."hide" = 'f') LIMIT 10[0m
Rendering template within layouts/articles
Rendering articles/index
Completed in 8ms (View: 4, DB: 1) | 200 OK [http://localhost/articles/]


Processing ArticlesController#index (for 127.0.0.1 at 2010-05-02 22:42:02) [GET]
  [4;35;1mArticle Load (0.5ms)[0m   [0mSELECT * FROM "articles" WHERE ("articles"."hide" = 'f') LIMIT 10[0m
Rendering template within layouts/articles
Rendering articles/index
Completed in 8ms (View: 4, DB: 1) | 200 OK [http://localhost/articles/]


Processing ArticlesController#index (for 127.0.0.1 at 2010-05-02 22:42:11) [GET]
  [4;36;1mArticle Load (0.6ms)[0m   [0;1mSELECT * FROM "articles" WHERE ("articles"."hide" = 'f') LIMIT 10[0m
Rendering template within layouts/articles
Rendering articles/index
Completed in 8ms (View: 4, DB: 1) | 200 OK [http://localhost/articles/]


Processing ArticlesController#index (for 127.0.0.1 at 2010-05-02 22:42:18) [GET]
  [4;35;1mArticle Load (0.6ms)[0m   [0mSELECT * FROM "articles" WHERE ("articles"."hide" = 'f') LIMIT 10[0m
Rendering template within layouts/articles
Rendering articles/index
Completed in 54ms (View: 50, DB: 1) | 200 OK [http://localhost/articles/]


Processing ArticlesController#index (for 127.0.0.1 at 2010-05-02 22:42:31) [GET]
  [4;36;1mArticle Load (0.5ms)[0m   [0;1mSELECT * FROM "articles" WHERE ("articles"."hide" = 'f') LIMIT 10[0m
Rendering template within layouts/articles
Rendering articles/index
Completed in 9ms (View: 4, DB: 1) | 200 OK [http://localhost/articles/]


Processing ArticlesController#index (for 127.0.0.1 at 2010-05-02 22:42:38) [GET]
  [4;35;1mArticle Load (0.5ms)[0m   [0mSELECT * FROM "articles" WHERE ("articles"."hide" = 'f') LIMIT 10[0m
Rendering template within layouts/articles
Rendering articles/index
Completed in 9ms (View: 4, DB: 1) | 200 OK [http://localhost/articles/]


Processing ArticlesController#index (for 127.0.0.1 at 2010-05-02 22:42:49) [GET]
  [4;36;1mArticle Load (0.5ms)[0m   [0;1mSELECT * FROM "articles" WHERE ("articles"."hide" = 'f') LIMIT 10[0m
Rendering template within layouts/articles
Rendering articles/index
Completed in 8ms (View: 4, DB: 1) | 200 OK [http://localhost/articles/]


Processing ArticlesController#index (for 127.0.0.1 at 2010-05-02 22:42:54) [GET]
  [4;35;1mArticle Load (0.6ms)[0m   [0mSELECT * FROM "articles" WHERE ("articles"."hide" = 'f') LIMIT 10[0m
Rendering template within layouts/articles
Rendering articles/index
Completed in 8ms (View: 4, DB: 1) | 200 OK [http://localhost/articles/]


Processing ArticlesController#index (for 127.0.0.1 at 2010-05-02 22:43:32) [GET]
  [4;36;1mArticle Load (0.5ms)[0m   [0;1mSELECT * FROM "articles" WHERE ("articles"."hide" = 'f') LIMIT 10[0m
Rendering template within layouts/articles
Rendering articles/index
Completed in 8ms (View: 4, DB: 1) | 200 OK [http://localhost/articles/]


Processing ArticlesController#index (for 127.0.0.1 at 2010-05-02 22:43:39) [GET]
  [4;35;1mArticle Load (0.6ms)[0m   [0mSELECT * FROM "articles" WHERE ("articles"."hide" = 'f') LIMIT 10[0m
Rendering template within layouts/articles
Rendering articles/index
Completed in 8ms (View: 4, DB: 1) | 200 OK [http://localhost/articles/]


Processing ArticlesController#index (for 127.0.0.1 at 2010-05-02 22:43:46) [GET]
  [4;36;1mArticle Load (0.5ms)[0m   [0;1mSELECT * FROM "articles" WHERE ("articles"."hide" = 'f') LIMIT 10[0m
Rendering template within layouts/articles
Rendering articles/index
Completed in 8ms (View: 4, DB: 1) | 200 OK [http://localhost/articles/]


Processing ArticlesController#index (for 127.0.0.1 at 2010-05-02 22:44:03) [GET]
  [4;35;1mArticle Load (0.5ms)[0m   [0mSELECT * FROM "articles" WHERE ("articles"."hide" = 'f') LIMIT 10[0m
Rendering template within layouts/articles
Rendering articles/index
Completed in 8ms (View: 4, DB: 1) | 200 OK [http://localhost/articles/]


Processing ArticlesController#index (for 127.0.0.1 at 2010-05-02 22:44:08) [GET]
  [4;36;1mArticle Load (0.5ms)[0m   [0;1mSELECT * FROM "articles" WHERE ("articles"."hide" = 'f') LIMIT 10[0m
Rendering template within layouts/articles
Rendering articles/index
Completed in 8ms (View: 4, DB: 1) | 200 OK [http://localhost/articles/]


Processing ArticlesController#index (for 127.0.0.1 at 2010-05-02 22:44:20) [GET]
  [4;35;1mArticle Load (0.5ms)[0m   [0mSELECT * FROM "articles" WHERE ("articles"."hide" = 'f') LIMIT 10[0m
Rendering template within layouts/articles
Rendering articles/index
Completed in 8ms (View: 4, DB: 1) | 200 OK [http://localhost/articles/]


Processing ArticlesController#index (for 127.0.0.1 at 2010-05-02 22:44:34) [GET]
  [4;36;1mArticle Load (0.6ms)[0m   [0;1mSELECT * FROM "articles" WHERE ("articles"."hide" = 'f') LIMIT 10[0m
Rendering template within layouts/articles
Rendering articles/index
Completed in 9ms (View: 4, DB: 1) | 200 OK [http://localhost/articles/]


Processing ArticlesController#index (for 127.0.0.1 at 2010-05-02 22:44:54) [GET]
  [4;35;1mArticle Load (0.5ms)[0m   [0mSELECT * FROM "articles" WHERE ("articles"."hide" = 'f') LIMIT 10[0m
Rendering template within layouts/articles
Rendering articles/index
Completed in 9ms (View: 4, DB: 1) | 200 OK [http://localhost/articles/]


Processing ArticlesController#index (for 127.0.0.1 at 2010-05-02 22:45:00) [GET]
  [4;36;1mArticle Load (0.6ms)[0m   [0;1mSELECT * FROM "articles" WHERE ("articles"."hide" = 'f') LIMIT 10[0m
Rendering template within layouts/articles
Rendering articles/index
Completed in 9ms (View: 4, DB: 1) | 200 OK [http://localhost/articles/]


Processing ArticlesController#index (for 127.0.0.1 at 2010-05-02 22:45:07) [GET]
  [4;35;1mArticle Load (0.6ms)[0m   [0mSELECT * FROM "articles" WHERE ("articles"."hide" = 'f') LIMIT 10[0m
Rendering template within layouts/articles
Rendering articles/index
Completed in 8ms (View: 4, DB: 1) | 200 OK [http://localhost/articles/]


Processing ArticlesController#index (for 127.0.0.1 at 2010-05-02 22:45:12) [GET]
  [4;36;1mArticle Load (0.6ms)[0m   [0;1mSELECT * FROM "articles" WHERE ("articles"."hide" = 'f') LIMIT 10[0m
Rendering template within layouts/articles
Rendering articles/index
Completed in 54ms (View: 4, DB: 1) | 200 OK [http://localhost/articles/]


Processing ArticlesController#index (for 127.0.0.1 at 2010-05-02 22:45:19) [GET]
  [4;35;1mArticle Load (0.6ms)[0m   [0mSELECT * FROM "articles" WHERE ("articles"."hide" = 'f') LIMIT 10[0m
Rendering template within layouts/articles
Rendering articles/index
Completed in 8ms (View: 4, DB: 1) | 200 OK [http://localhost/articles/]


Processing ArticlesController#index (for 127.0.0.1 at 2010-05-02 22:45:58) [GET]
  [4;36;1mArticle Load (0.6ms)[0m   [0;1mSELECT * FROM "articles" WHERE ("articles"."hide" = 'f') LIMIT 10[0m
Rendering template within layouts/articles
Rendering articles/index
Completed in 9ms (View: 5, DB: 1) | 200 OK [http://localhost/articles/]


Processing ArticlesController#index (for 127.0.0.1 at 2010-05-02 22:46:13) [GET]
  [4;35;1mArticle Load (0.6ms)[0m   [0mSELECT * FROM "articles" WHERE ("articles"."hide" = 'f') LIMIT 10[0m
Rendering template within layouts/articles
Rendering articles/index
Completed in 9ms (View: 4, DB: 1) | 200 OK [http://localhost/articles/]


Processing ArticlesController#index (for 127.0.0.1 at 2010-05-02 22:46:17) [GET]
  [4;36;1mArticle Load (0.5ms)[0m   [0;1mSELECT * FROM "articles" WHERE ("articles"."hide" = 'f') LIMIT 10[0m
Rendering template within layouts/articles
Rendering articles/index
Completed in 8ms (View: 4, DB: 1) | 200 OK [http://localhost/articles/]


Processing ArticlesController#index (for 127.0.0.1 at 2010-05-02 22:46:24) [GET]
  [4;35;1mArticle Load (0.6ms)[0m   [0mSELECT * FROM "articles" WHERE ("articles"."hide" = 'f') LIMIT 10[0m
Rendering template within layouts/articles
Rendering articles/index
Completed in 8ms (View: 4, DB: 1) | 200 OK [http://localhost/articles/]


Processing ArticlesController#index (for 127.0.0.1 at 2010-05-02 22:46:49) [GET]
  [4;36;1mArticle Load (0.5ms)[0m   [0;1mSELECT * FROM "articles" WHERE ("articles"."hide" = 'f') LIMIT 10[0m
Rendering template within layouts/articles
Rendering articles/index
Completed in 9ms (View: 4, DB: 1) | 200 OK [http://localhost/articles/]


Processing ArticlesController#index (for 127.0.0.1 at 2010-05-02 22:47:05) [GET]
  [4;35;1mArticle Load (0.6ms)[0m   [0mSELECT * FROM "articles" WHERE ("articles"."hide" = 'f') LIMIT 10[0m
Rendering template within layouts/articles
Rendering articles/index
Completed in 9ms (View: 4, DB: 1) | 200 OK [http://localhost/articles/]


Processing ArticlesController#index (for 127.0.0.1 at 2010-05-02 22:47:44) [GET]
  [4;36;1mArticle Load (0.6ms)[0m   [0;1mSELECT * FROM "articles" WHERE ("articles"."hide" = 'f') LIMIT 10[0m
Rendering template within layouts/articles
Rendering articles/index
Completed in 9ms (View: 4, DB: 1) | 200 OK [http://localhost/articles/]


Processing ArticlesController#index (for 127.0.0.1 at 2010-05-02 22:47:51) [GET]
  [4;35;1mArticle Load (0.5ms)[0m   [0mSELECT * FROM "articles" WHERE ("articles"."hide" = 'f') LIMIT 10[0m
Rendering template within layouts/articles
Rendering articles/index
Completed in 9ms (View: 4, DB: 1) | 200 OK [http://localhost/articles/]


Processing ArticlesController#index (for 127.0.0.1 at 2010-05-02 22:49:09) [GET]
  [4;36;1mArticle Load (0.5ms)[0m   [0;1mSELECT * FROM "articles" WHERE ("articles"."hide" = 'f') LIMIT 10[0m
Rendering template within layouts/articles
Rendering articles/index
Completed in 8ms (View: 4, DB: 1) | 200 OK [http://localhost/articles/]


Processing ArticlesController#index (for 127.0.0.1 at 2010-05-02 22:49:28) [GET]
  [4;35;1mArticle Load (0.6ms)[0m   [0mSELECT * FROM "articles" WHERE ("articles"."hide" = 'f') LIMIT 10[0m
Rendering template within layouts/articles
Rendering articles/index
Completed in 9ms (View: 4, DB: 1) | 200 OK [http://localhost/articles/]


Processing ArticlesController#index (for 127.0.0.1 at 2010-05-02 22:49:32) [GET]
  [4;36;1mArticle Load (0.5ms)[0m   [0;1mSELECT * FROM "articles" WHERE ("articles"."hide" = 'f') LIMIT 10[0m
Rendering template within layouts/articles
Rendering articles/index
Completed in 8ms (View: 4, DB: 1) | 200 OK [http://localhost/articles/]


Processing ArticlesController#index (for 127.0.0.1 at 2010-05-02 22:49:48) [GET]
  [4;35;1mArticle Load (0.5ms)[0m   [0mSELECT * FROM "articles" WHERE ("articles"."hide" = 'f') LIMIT 10[0m
Rendering template within layouts/articles
Rendering articles/index
Completed in 9ms (View: 4, DB: 1) | 200 OK [http://localhost/articles/]


Processing ArticlesController#index (for 127.0.0.1 at 2010-05-02 22:51:33) [GET]
  [4;36;1mArticle Load (0.5ms)[0m   [0;1mSELECT * FROM "articles" WHERE ("articles"."hide" = 'f') LIMIT 10[0m
Rendering template within layouts/articles
Rendering articles/index
Completed in 8ms (View: 4, DB: 1) | 200 OK [http://localhost/articles/]


Processing ArticlesController#index (for 127.0.0.1 at 2010-05-02 22:53:54) [GET]
  [4;35;1mArticle Load (0.7ms)[0m   [0mSELECT * FROM "articles" WHERE ("articles"."hide" = 'f') LIMIT 10[0m
Rendering template within layouts/articles
Rendering articles/index
Completed in 10ms (View: 5, DB: 1) | 200 OK [http://localhost/articles/]


Processing ArticlesController#index (for 127.0.0.1 at 2010-05-02 22:54:03) [GET]
  [4;36;1mArticle Load (0.6ms)[0m   [0;1mSELECT * FROM "articles" WHERE ("articles"."hide" = 'f') LIMIT 10[0m
Rendering template within layouts/articles
Rendering articles/index
Completed in 9ms (View: 4, DB: 1) | 200 OK [http://localhost/articles/]


Processing ArticlesController#index (for 127.0.0.1 at 2010-05-02 22:54:12) [GET]
  [4;35;1mArticle Load (0.6ms)[0m   [0mSELECT * FROM "articles" WHERE ("articles"."hide" = 'f') LIMIT 10[0m
Rendering template within layouts/articles
Rendering articles/index
Completed in 9ms (View: 5, DB: 1) | 200 OK [http://localhost/articles/]


Processing ArticlesController#index (for 127.0.0.1 at 2010-05-02 22:54:25) [GET]
  [4;36;1mArticle Load (0.6ms)[0m   [0;1mSELECT * FROM "articles" WHERE ("articles"."hide" = 'f') LIMIT 10[0m
Rendering template within layouts/articles
Rendering articles/index
Completed in 9ms (View: 4, DB: 1) | 200 OK [http://localhost/articles/]


Processing ArticlesController#index (for 127.0.0.1 at 2010-05-02 22:54:34) [GET]
  [4;35;1mArticle Load (0.6ms)[0m   [0mSELECT * FROM "articles" WHERE ("articles"."hide" = 'f') LIMIT 10[0m
Rendering template within layouts/articles
Rendering articles/index
Completed in 9ms (View: 4, DB: 1) | 200 OK [http://localhost/articles/]


Processing ArticlesController#index (for 127.0.0.1 at 2010-05-02 22:54:55) [GET]
  [4;36;1mArticle Load (0.6ms)[0m   [0;1mSELECT * FROM "articles" WHERE ("articles"."hide" = 'f') LIMIT 10[0m
Rendering template within layouts/articles
Rendering articles/index
Completed in 9ms (View: 4, DB: 1) | 200 OK [http://localhost/articles/]


Processing ArticlesController#index (for 127.0.0.1 at 2010-05-02 22:54:58) [GET]
  [4;35;1mArticle Load (0.6ms)[0m   [0mSELECT * FROM "articles" WHERE ("articles"."hide" = 'f') LIMIT 10[0m
Rendering template within layouts/articles
Rendering articles/index
Completed in 9ms (View: 4, DB: 1) | 200 OK [http://localhost/articles/]


Processing ArticlesController#index (for 127.0.0.1 at 2010-05-02 22:55:05) [GET]
  [4;36;1mArticle Load (0.6ms)[0m   [0;1mSELECT * FROM "articles" WHERE ("articles"."hide" = 'f') LIMIT 10[0m
Rendering template within layouts/articles
Rendering articles/index
Completed in 9ms (View: 4, DB: 1) | 200 OK [http://localhost/articles/]


Processing ArticlesController#index (for 127.0.0.1 at 2010-05-02 22:55:19) [GET]
  [4;35;1mArticle Load (0.6ms)[0m   [0mSELECT * FROM "articles" WHERE ("articles"."hide" = 'f') LIMIT 10[0m
Rendering template within layouts/articles
Rendering articles/index
Completed in 10ms (View: 5, DB: 1) | 200 OK [http://localhost/articles/]


Processing ArticlesController#index (for 127.0.0.1 at 2010-05-02 22:55:27) [GET]
  [4;36;1mArticle Load (0.6ms)[0m   [0;1mSELECT * FROM "articles" WHERE ("articles"."hide" = 'f') LIMIT 10[0m
Rendering template within layouts/articles
Rendering articles/index
Completed in 9ms (View: 5, DB: 1) | 200 OK [http://localhost/articles/]


Processing ArticlesController#index (for 127.0.0.1 at 2010-05-02 22:55:34) [GET]
  [4;35;1mArticle Load (0.6ms)[0m   [0mSELECT * FROM "articles" WHERE ("articles"."hide" = 'f') LIMIT 10[0m
Rendering template within layouts/articles
Rendering articles/index
Completed in 9ms (View: 4, DB: 1) | 200 OK [http://localhost/articles/]


Processing ArticlesController#index (for 127.0.0.1 at 2010-05-02 22:55:38) [GET]
  [4;36;1mArticle Load (0.6ms)[0m   [0;1mSELECT * FROM "articles" WHERE ("articles"."hide" = 'f') LIMIT 10[0m
Rendering template within layouts/articles
Rendering articles/index
Completed in 9ms (View: 5, DB: 1) | 200 OK [http://localhost/articles/]


Processing ArticlesController#index (for 127.0.0.1 at 2010-05-02 22:55:45) [GET]
  [4;35;1mArticle Load (0.6ms)[0m   [0mSELECT * FROM "articles" WHERE ("articles"."hide" = 'f') LIMIT 10[0m
Rendering template within layouts/articles
Rendering articles/index
Completed in 9ms (View: 5, DB: 1) | 200 OK [http://localhost/articles/]


Processing ArticlesController#index (for 127.0.0.1 at 2010-05-02 22:57:54) [GET]
  [4;36;1mArticle Load (0.6ms)[0m   [0;1mSELECT * FROM "articles" WHERE ("articles"."hide" = 'f') LIMIT 10[0m
Rendering template within layouts/articles
Rendering articles/index

ActionView::TemplateError (ActiveSupport::TimeWithZone can't be coerced into Fixnum) on line #14 of app/views/articles/index.html.erb:
11:     <div class="article_description"><%= article.description %></div>
12:     <div class="article_metadata">
13:       Submitted: 
14:       <div class="article_created_at"><%= distance_of_time_in_words(article.created_at) %></div>
15:     </div>
16:   </div>
17: <% end %>

    app/views/articles/index.html.erb:14
    app/views/articles/index.html.erb:2:in `each'
    app/views/articles/index.html.erb:2
    app/controllers/articles_controller.rb:5:in `index'

Rendered rescues/_trace (70.9ms)
Rendered rescues/_request_and_response (0.3ms)
Rendering rescues/layout (internal_server_error)


Processing ArticlesController#index (for 127.0.0.1 at 2010-05-02 22:58:26) [GET]
  [4;35;1mArticle Load (0.6ms)[0m   [0mSELECT * FROM "articles" WHERE ("articles"."hide" = 'f') LIMIT 10[0m
Rendering template within layouts/articles
Rendering articles/index
Completed in 15ms (View: 10, DB: 1) | 200 OK [http://localhost/articles/]


Processing ArticlesController#index (for 127.0.0.1 at 2010-05-02 22:58:34) [GET]
  [4;36;1mArticle Load (0.6ms)[0m   [0;1mSELECT * FROM "articles" WHERE ("articles"."hide" = 'f') LIMIT 10[0m
Rendering template within layouts/articles
Rendering articles/index
Completed in 15ms (View: 10, DB: 1) | 200 OK [http://localhost/articles/]


Processing ArticlesController#index (for 127.0.0.1 at 2010-05-02 22:58:57) [GET]
  [4;35;1mArticle Load (0.6ms)[0m   [0mSELECT * FROM "articles" WHERE ("articles"."hide" = 'f') LIMIT 10[0m
Rendering template within layouts/articles
Rendering articles/index
Completed in 77ms (View: 12, DB: 1) | 200 OK [http://localhost/articles/]


Processing ArticlesController#index (for 127.0.0.1 at 2010-05-02 22:59:06) [GET]
  [4;36;1mArticle Load (0.7ms)[0m   [0;1mSELECT * FROM "articles" WHERE ("articles"."hide" = 'f') LIMIT 10[0m
Rendering template within layouts/articles
Rendering articles/index
Completed in 15ms (View: 11, DB: 1) | 200 OK [http://localhost/articles/]
